Determining if the pthread_create exist failed with the following output:
Change Dir: /home/gaetan/code/simulation_ws/build/CMakeFiles/CMakeTmp

Run Build Command:"/usr/bin/make" "cmTC_3d65d/fast"
/usr/bin/make -f CMakeFiles/cmTC_3d65d.dir/build.make CMakeFiles/cmTC_3d65d.dir/build
make[1]: Entering directory '/home/gaetan/code/simulation_ws/build/CMakeFiles/CMakeTmp'
Building C object CMakeFiles/cmTC_3d65d.dir/CheckSymbolExists.c.o
/usr/bin/cc    -o CMakeFiles/cmTC_3d65d.dir/CheckSymbolExists.c.o   -c /home/gaetan/code/simulation_ws/build/CMakeFiles/CMakeTmp/CheckSymbolExists.c
Linking C executable cmTC_3d65d
/usr/bin/cmake -E cmake_link_script CMakeFiles/cmTC_3d65d.dir/link.txt --verbose=1
/usr/bin/cc      -rdynamic CMakeFiles/cmTC_3d65d.dir/CheckSymbolExists.c.o  -o cmTC_3d65d 
CMakeFiles/cmTC_3d65d.dir/CheckSymbolExists.c.o: In function `main':
CheckSymbolExists.c:(.text+0x1b): undefined reference to `pthread_create'
collect2: error: ld returned 1 exit status
CMakeFiles/cmTC_3d65d.dir/build.make:97: recipe for target 'cmTC_3d65d' failed
make[1]: *** [cmTC_3d65d] Error 1
make[1]: Leaving directory '/home/gaetan/code/simulation_ws/build/CMakeFiles/CMakeTmp'
Makefile:126: recipe for target 'cmTC_3d65d/fast' failed
make: *** [cmTC_3d65d/fast] Error 2

File /home/gaetan/code/simulation_ws/build/CMakeFiles/CMakeTmp/CheckSymbolExists.c:
/* */
#include <pthread.h>

int main(int argc, char** argv)
{
  (void)argv;
#ifndef pthread_create
  return ((int*)(&pthread_create))[argc];
#else
  (void)argc;
  return 0;
#endif
}

Determining if the function pthread_create exists in the pthreads failed with the following output:
Change Dir: /home/gaetan/code/simulation_ws/build/CMakeFiles/CMakeTmp

Run Build Command:"/usr/bin/make" "cmTC_509bf/fast"
/usr/bin/make -f CMakeFiles/cmTC_509bf.dir/build.make CMakeFiles/cmTC_509bf.dir/build
make[1]: Entering directory '/home/gaetan/code/simulation_ws/build/CMakeFiles/CMakeTmp'
Building C object CMakeFiles/cmTC_509bf.dir/CheckFunctionExists.c.o
/usr/bin/cc   -DCHECK_FUNCTION_EXISTS=pthread_create   -o CMakeFiles/cmTC_509bf.dir/CheckFunctionExists.c.o   -c /usr/share/cmake-3.10/Modules/CheckFunctionExists.c
Linking C executable cmTC_509bf
/usr/bin/cmake -E cmake_link_script CMakeFiles/cmTC_509bf.dir/link.txt --verbose=1
/usr/bin/cc  -DCHECK_FUNCTION_EXISTS=pthread_create    -rdynamic CMakeFiles/cmTC_509bf.dir/CheckFunctionExists.c.o  -o cmTC_509bf -lpthreads 
/usr/bin/ld: cannot find -lpthreads
collect2: error: ld returned 1 exit status
CMakeFiles/cmTC_509bf.dir/build.make:97: recipe for target 'cmTC_509bf' failed
make[1]: *** [cmTC_509bf] Error 1
make[1]: Leaving directory '/home/gaetan/code/simulation_ws/build/CMakeFiles/CMakeTmp'
Makefile:126: recipe for target 'cmTC_509bf/fast' failed
make: *** [cmTC_509bf/fast] Error 2


